<?xml version="1.0" encoding="UTF-8"?>
<testsuite name="com.aor.numbers.ListSorterTest" tests="1" skipped="0" failures="0" errors="0" timestamp="2021-11-23T15:43:35" hostname="pc" time="0.005">
  <properties/>
  <testcase name="sort()" classname="com.aor.numbers.ListSorterTest" time="0.005"/>
  <system-out><![CDATA[]]></system-out>
  <system-err><![CDATA[]]></system-err>
</testsuite>
